TN:
SF:src\components\ContactUs.js
FN:5,(anonymous_0)
FNF:1
FNH:1
FNDA:4,(anonymous_0)
DA:5,1
DA:6,4
DA:7,4
DA:8,4
LF:4
LH:4
BRDA:8,0,0,4
BRDA:8,0,1,0
BRF:2
BRH:1
end_of_record
TN:
SF:src\utils\OfflineGame.js
FN:3,(anonymous_0)
FN:20,(anonymous_1)
FN:34,(anonymous_2)
FN:44,(anonymous_3)
FN:54,(anonymous_4)
FN:65,(anonymous_5)
FN:66,(anonymous_6)
FNF:7
FNH:0
FNDA:0,(anonymous_0)
FNDA:0,(anonymous_1)
FNDA:0,(anonymous_2)
FNDA:0,(anonymous_3)
FNDA:0,(anonymous_4)
FNDA:0,(anonymous_5)
FNDA:0,(anonymous_6)
DA:3,1
DA:4,0
DA:5,0
DA:6,0
DA:7,0
DA:9,0
DA:20,0
DA:21,0
DA:22,0
DA:23,0
DA:28,0
DA:31,0
DA:34,0
DA:35,0
DA:37,0
DA:38,0
DA:39,0
DA:41,0
DA:42,0
DA:43,0
DA:44,0
DA:45,0
DA:46,0
DA:48,0
DA:49,0
DA:50,0
DA:54,0
DA:55,0
DA:56,0
DA:57,0
DA:58,0
DA:61,0
DA:66,0
LF:33
LH:1
BRDA:23,0,0,0
BRDA:23,0,1,0
BRDA:24,1,0,0
BRDA:24,1,1,0
BRDA:24,1,2,0
BRDA:35,2,0,0
BRDA:35,2,1,0
BRDA:35,3,0,0
BRDA:35,3,1,0
BRDA:41,4,0,0
BRDA:41,4,1,0
BRDA:44,5,0,0
BRDA:44,5,1,0
BRDA:48,6,0,0
BRDA:48,6,1,0
BRF:15
BRH:0
end_of_record
TN:
SF:src\utils\useOnlineStatus.js
FN:3,(anonymous_0)
FN:6,(anonymous_1)
FN:9,(anonymous_2)
FNF:3
FNH:1
FNDA:4,(anonymous_0)
FNDA:0,(anonymous_1)
FNDA:0,(anonymous_2)
DA:3,1
DA:4,4
DA:6,4
DA:7,0
DA:9,4
DA:10,0
DA:13,4
LF:7
LH:5
BRF:0
BRH:0
end_of_record
TN:
SF:src\utils\userContext.js
FNF:0
FNH:0
DA:3,1
LF:1
LH:1
BRF:0
BRH:0
end_of_record
